<?xml version="1.0" encoding="UTF-8"?>
<!-- Generated by org.testng.reporters.JUnitReportReporter -->
<testsuite hostname="ZOMKER" failures="0" tests="3" name="com.app.productsTests.ProductsTest" time="23.074" errors="0" timestamp="2022-08-10T12:21:03 EEST" skipped="0">
  <testcase classname="com.app.productsTests.ProductsTest" name="validateFilteringTest" time="13.194"/>
  <system-out/>
  <testcase classname="com.app.productsTests.ProductsTest" name="validateViewTest" time="0.164"/>
  <system-out/>
  <testcase classname="com.app.productsTests.ProductsTest" name="validateSortingTest" time="9.716"/>
  <system-out/>
</testsuite> <!-- com.app.productsTests.ProductsTest -->
